d:\git\projects\unitykneeproject\ann_mondayclean\ann_1.1.2\x64\release\vc142.pdb
d:\git\projects\unitykneeproject\ann_mondayclean\ann_1.1.2\x64\release\rand.obj
d:\git\projects\unitykneeproject\ann_mondayclean\ann_1.1.2\x64\release\perf.obj
d:\git\projects\unitykneeproject\ann_mondayclean\ann_1.1.2\x64\release\kd_util.obj
d:\git\projects\unitykneeproject\ann_mondayclean\ann_1.1.2\x64\release\kd_tree.obj
d:\git\projects\unitykneeproject\ann_mondayclean\ann_1.1.2\x64\release\kd_split.obj
d:\git\projects\unitykneeproject\ann_mondayclean\ann_1.1.2\x64\release\kd_search.obj
d:\git\projects\unitykneeproject\ann_mondayclean\ann_1.1.2\x64\release\kd_pr_search.obj
d:\git\projects\unitykneeproject\ann_mondayclean\ann_1.1.2\x64\release\kd_fix_rad_search.obj
d:\git\projects\unitykneeproject\ann_mondayclean\ann_1.1.2\x64\release\kd_dump.obj
d:\git\projects\unitykneeproject\ann_mondayclean\ann_1.1.2\x64\release\danimplement.obj
d:\git\projects\unitykneeproject\ann_mondayclean\ann_1.1.2\x64\release\brute.obj
d:\git\projects\unitykneeproject\ann_mondayclean\ann_1.1.2\x64\release\bd_tree.obj
d:\git\projects\unitykneeproject\ann_mondayclean\ann_1.1.2\x64\release\bd_search.obj
d:\git\projects\unitykneeproject\ann_mondayclean\ann_1.1.2\x64\release\bd_pr_search.obj
d:\git\projects\unitykneeproject\ann_mondayclean\ann_1.1.2\x64\release\bd_fix_rad_search.obj
d:\git\projects\unitykneeproject\ann_mondayclean\ann_1.1.2\x64\release\ann.obj
d:\git\projects\360-sandbox\ann_drrmod\ann_1.1.2\x64\release\vc142.pdb
d:\git\projects\360-sandbox\ann_drrmod\ann_1.1.2\x64\release\rand.obj
d:\git\projects\360-sandbox\ann_drrmod\ann_1.1.2\x64\release\perf.obj
d:\git\projects\360-sandbox\ann_drrmod\ann_1.1.2\x64\release\kd_util.obj
d:\git\projects\360-sandbox\ann_drrmod\ann_1.1.2\x64\release\kd_tree.obj
d:\git\projects\360-sandbox\ann_drrmod\ann_1.1.2\x64\release\kd_split.obj
d:\git\projects\360-sandbox\ann_drrmod\ann_1.1.2\x64\release\kd_search.obj
d:\git\projects\360-sandbox\ann_drrmod\ann_1.1.2\x64\release\kd_pr_search.obj
d:\git\projects\360-sandbox\ann_drrmod\ann_1.1.2\x64\release\kd_fix_rad_search.obj
d:\git\projects\360-sandbox\ann_drrmod\ann_1.1.2\x64\release\kd_dump.obj
d:\git\projects\360-sandbox\ann_drrmod\ann_1.1.2\x64\release\danimplement.obj
d:\git\projects\360-sandbox\ann_drrmod\ann_1.1.2\x64\release\brute.obj
d:\git\projects\360-sandbox\ann_drrmod\ann_1.1.2\x64\release\bd_tree.obj
d:\git\projects\360-sandbox\ann_drrmod\ann_1.1.2\x64\release\bd_search.obj
d:\git\projects\360-sandbox\ann_drrmod\ann_1.1.2\x64\release\bd_pr_search.obj
d:\git\projects\360-sandbox\ann_drrmod\ann_1.1.2\x64\release\bd_fix_rad_search.obj
d:\git\projects\360-sandbox\ann_drrmod\ann_1.1.2\x64\release\ann.obj
d:\git\projects\unitykneeproject\ann_mondayclean\ann_1.1.2\x64\release\mondayclean.ilk
d:\git\projects\unitykneeproject\ann_mondayclean\ann_1.1.2\x64\release\mondayclean.dll
d:\git\projects\unitykneeproject\ann_mondayclean\ann_1.1.2\x64\release\mondayclean.pdb
d:\git\projects\360-sandbox\ann_drrmod\ann_1.1.2\x64\release\mondayclean.ilk
d:\git\projects\360-sandbox\ann_drrmod\ann_1.1.2\x64\release\mondayclean.dll
d:\git\projects\360-sandbox\ann_drrmod\ann_1.1.2\x64\release\mondayclean.pdb
d:\git\projects\unitykneeproject\ann_mondayclean\ann_1.1.2\x64\release\mondayclean.lib
d:\git\projects\unitykneeproject\ann_mondayclean\ann_1.1.2\x64\release\mondayclean.exp
d:\git\projects\360-sandbox\ann_drrmod\ann_1.1.2\x64\release\mondayclean.lib
d:\git\projects\360-sandbox\ann_drrmod\ann_1.1.2\x64\release\mondayclean.exp
d:\git\projects\360-sandbox\ann_drrmod\ann_1.1.2\x64\release\mondayclean.tlog\cl.command.1.tlog
d:\git\projects\360-sandbox\ann_drrmod\ann_1.1.2\x64\release\mondayclean.tlog\cl.read.1.tlog
d:\git\projects\360-sandbox\ann_drrmod\ann_1.1.2\x64\release\mondayclean.tlog\cl.write.1.tlog
d:\git\projects\360-sandbox\ann_drrmod\ann_1.1.2\x64\release\mondayclean.tlog\link.command.1.tlog
d:\git\projects\360-sandbox\ann_drrmod\ann_1.1.2\x64\release\mondayclean.tlog\link.delete.1.tlog
d:\git\projects\360-sandbox\ann_drrmod\ann_1.1.2\x64\release\mondayclean.tlog\link.read.1.tlog
d:\git\projects\360-sandbox\ann_drrmod\ann_1.1.2\x64\release\mondayclean.tlog\link.write.1.tlog
d:\git\projects\360-sandbox\ann_drrmod\ann_1.1.2\x64\release\mondayclean.tlog\mondayclean.write.1u.tlog
