d:\git\projects\unitykneeproject\ann_mondayclean\ann_1.1.2\x64\debug\vc142.pdb
d:\git\projects\unitykneeproject\ann_mondayclean\ann_1.1.2\x64\debug\vc142.idb
d:\git\projects\unitykneeproject\ann_mondayclean\ann_1.1.2\x64\debug\rand.obj
d:\git\projects\unitykneeproject\ann_mondayclean\ann_1.1.2\x64\debug\perf.obj
d:\git\projects\unitykneeproject\ann_mondayclean\ann_1.1.2\x64\debug\kd_util.obj
d:\git\projects\unitykneeproject\ann_mondayclean\ann_1.1.2\x64\debug\kd_tree.obj
d:\git\projects\unitykneeproject\ann_mondayclean\ann_1.1.2\x64\debug\kd_split.obj
d:\git\projects\unitykneeproject\ann_mondayclean\ann_1.1.2\x64\debug\kd_search.obj
d:\git\projects\unitykneeproject\ann_mondayclean\ann_1.1.2\x64\debug\kd_pr_search.obj
d:\git\projects\unitykneeproject\ann_mondayclean\ann_1.1.2\x64\debug\kd_fix_rad_search.obj
d:\git\projects\unitykneeproject\ann_mondayclean\ann_1.1.2\x64\debug\kd_dump.obj
d:\git\projects\unitykneeproject\ann_mondayclean\ann_1.1.2\x64\debug\danimplement.obj
d:\git\projects\unitykneeproject\ann_mondayclean\ann_1.1.2\x64\debug\brute.obj
d:\git\projects\unitykneeproject\ann_mondayclean\ann_1.1.2\x64\debug\bd_tree.obj
d:\git\projects\unitykneeproject\ann_mondayclean\ann_1.1.2\x64\debug\bd_search.obj
d:\git\projects\unitykneeproject\ann_mondayclean\ann_1.1.2\x64\debug\bd_pr_search.obj
d:\git\projects\unitykneeproject\ann_mondayclean\ann_1.1.2\x64\debug\bd_fix_rad_search.obj
d:\git\projects\unitykneeproject\ann_mondayclean\ann_1.1.2\x64\debug\ann.obj
d:\git\projects\unitykneeproject\ann_mondayclean\ann_1.1.2\x64\debug\mondayclean.ilk
d:\git\projects\unitykneeproject\ann_mondayclean\ann_1.1.2\x64\debug\mondayclean.dll
d:\git\projects\unitykneeproject\ann_mondayclean\ann_1.1.2\x64\debug\mondayclean.pdb
d:\git\projects\unitykneeproject\ann_mondayclean\ann_1.1.2\x64\debug\mondayclean.lib
d:\git\projects\unitykneeproject\ann_mondayclean\ann_1.1.2\x64\debug\mondayclean.exp
d:\git\projects\unitykneeproject\ann_mondayclean\ann_1.1.2\x64\debug\mondayclean.tlog\cl.command.1.tlog
d:\git\projects\unitykneeproject\ann_mondayclean\ann_1.1.2\x64\debug\mondayclean.tlog\cl.read.1.tlog
d:\git\projects\unitykneeproject\ann_mondayclean\ann_1.1.2\x64\debug\mondayclean.tlog\cl.write.1.tlog
d:\git\projects\unitykneeproject\ann_mondayclean\ann_1.1.2\x64\debug\mondayclean.tlog\link.command.1.tlog
d:\git\projects\unitykneeproject\ann_mondayclean\ann_1.1.2\x64\debug\mondayclean.tlog\link.read.1.tlog
d:\git\projects\unitykneeproject\ann_mondayclean\ann_1.1.2\x64\debug\mondayclean.tlog\link.write.1.tlog
d:\git\projects\unitykneeproject\ann_mondayclean\ann_1.1.2\x64\debug\mondayclean.tlog\mondayclean.write.1u.tlog
